<?xml version="1.0" encoding="UTF-8"?>
<testng-results skipped="0" failed="0" total="2" passed="2">
  <reporter-output>
  </reporter-output>
  <suite name="My first TestNG Suite" duration-ms="48359" started-at="2015-04-21T22:38:31Z" finished-at="2015-04-21T22:39:19Z">
    <groups>
    </groups>
    <test name="TestNG" duration-ms="48359" started-at="2015-04-21T22:38:31Z" finished-at="2015-04-21T22:39:19Z">
      <class name="automation.SecondTestCase">
        <test-method status="PASS" signature="beforeMethod()[pri:0, instance:automation.SecondTestCase@4ceb1c86]" name="beforeMethod" is-config="true" duration-ms="12909" started-at="2015-04-21T16:38:57Z" finished-at="2015-04-21T16:39:09Z">
          <reporter-output>
          </reporter-output>
        </test-method> <!-- beforeMethod -->
        <test-method status="PASS" signature="main()[pri:0, instance:automation.SecondTestCase@4ceb1c86]" name="main" duration-ms="9434" started-at="2015-04-21T16:39:09Z" finished-at="2015-04-21T16:39:19Z">
          <reporter-output>
          </reporter-output>
        </test-method> <!-- main -->
        <test-method status="PASS" signature="afterMethod()[pri:0, instance:automation.SecondTestCase@4ceb1c86]" name="afterMethod" is-config="true" duration-ms="333" started-at="2015-04-21T16:39:19Z" finished-at="2015-04-21T16:39:19Z">
          <reporter-output>
          </reporter-output>
        </test-method> <!-- afterMethod -->
      </class> <!-- automation.SecondTestCase -->
      <class name="automationFramework.TestNG">
        <test-method status="PASS" signature="beforeMethod()[pri:0, instance:automationFramework.TestNG@1c527179]" name="beforeMethod" is-config="true" duration-ms="14988" started-at="2015-04-21T16:38:31Z" finished-at="2015-04-21T16:38:46Z">
          <reporter-output>
          </reporter-output>
        </test-method> <!-- beforeMethod -->
        <test-method status="PASS" signature="main()[pri:0, instance:automationFramework.TestNG@1c527179]" name="main" duration-ms="10553" started-at="2015-04-21T16:38:46Z" finished-at="2015-04-21T16:38:56Z">
          <reporter-output>
          </reporter-output>
        </test-method> <!-- main -->
        <test-method status="PASS" signature="afterMethod()[pri:0, instance:automationFramework.TestNG@1c527179]" name="afterMethod" is-config="true" duration-ms="115" started-at="2015-04-21T16:38:56Z" finished-at="2015-04-21T16:38:57Z">
          <reporter-output>
          </reporter-output>
        </test-method> <!-- afterMethod -->
      </class> <!-- automationFramework.TestNG -->
    </test> <!-- TestNG -->
  </suite> <!-- My first TestNG Suite -->
</testng-results>
